<?xml version="1.0" encoding="UTF-8"?>
<testsuite xmlns:xsi="http://www.w3.org/2001/XMLSchema-instance" xsi:noNamespaceSchemaLocation="https://maven.apache.org/surefire/maven-surefire-plugin/xsd/surefire-test-report.xsd" name="com.example.SCBpartyServer.ScBpartyServerApplicationTests" time="8.555" tests="1" errors="0" skipped="0" failures="0">
  <properties>
    <property name="gopherProxySet" value="false"/>
    <property name="awt.toolkit" value="sun.lwawt.macosx.LWCToolkit"/>
    <property name="java.specification.version" value="11"/>
    <property name="sun.cpu.isalist" value=""/>
    <property name="sun.jnu.encoding" value="UTF-8"/>
    <property name="java.class.path" value="/Users/thitipornsukpartcharoen/webApplicationProject/SCBPartyServer/target/test-classes:/Users/thitipornsukpartcharoen/webApplicationProject/SCBPartyServer/target/classes:/Users/thitipornsukpartcharoen/.m2/repository/org/springframework/boot/spring-boot-starter-security/2.5.9/spring-boot-starter-security-2.5.9.jar:/Users/thitipornsukpartcharoen/.m2/repository/org/springframework/boot/spring-boot-starter/2.5.9/spring-boot-starter-2.5.9.jar:/Users/thitipornsukpartcharoen/.m2/repository/org/springframework/boot/spring-boot/2.5.9/spring-boot-2.5.9.jar:/Users/thitipornsukpartcharoen/.m2/repository/org/springframework/boot/spring-boot-autoconfigure/2.5.9/spring-boot-autoconfigure-2.5.9.jar:/Users/thitipornsukpartcharoen/.m2/repository/org/springframework/boot/spring-boot-starter-logging/2.5.9/spring-boot-starter-logging-2.5.9.jar:/Users/thitipornsukpartcharoen/.m2/repository/ch/qos/logback/logback-classic/1.2.10/logback-classic-1.2.10.jar:/Users/thitipornsukpartcharoen/.m2/repository/ch/qos/logback/logback-core/1.2.10/logback-core-1.2.10.jar:/Users/thitipornsukpartcharoen/.m2/repository/org/apache/logging/log4j/log4j-to-slf4j/2.17.1/log4j-to-slf4j-2.17.1.jar:/Users/thitipornsukpartcharoen/.m2/repository/org/apache/logging/log4j/log4j-api/2.17.1/log4j-api-2.17.1.jar:/Users/thitipornsukpartcharoen/.m2/repository/org/slf4j/jul-to-slf4j/1.7.33/jul-to-slf4j-1.7.33.jar:/Users/thitipornsukpartcharoen/.m2/repository/jakarta/annotation/jakarta.annotation-api/1.3.5/jakarta.annotation-api-1.3.5.jar:/Users/thitipornsukpartcharoen/.m2/repository/org/yaml/snakeyaml/1.28/snakeyaml-1.28.jar:/Users/thitipornsukpartcharoen/.m2/repository/org/springframework/spring-aop/5.3.15/spring-aop-5.3.15.jar:/Users/thitipornsukpartcharoen/.m2/repository/org/springframework/spring-beans/5.3.15/spring-beans-5.3.15.jar:/Users/thitipornsukpartcharoen/.m2/repository/org/springframework/security/spring-security-config/5.5.4/spring-security-config-5.5.4.jar:/Users/thitipornsukpartcharoen/.m2/repository/org/springframework/security/spring-security-core/5.5.4/spring-security-core-5.5.4.jar:/Users/thitipornsukpartcharoen/.m2/repository/org/springframework/security/spring-security-crypto/5.5.4/spring-security-crypto-5.5.4.jar:/Users/thitipornsukpartcharoen/.m2/repository/org/springframework/spring-context/5.3.15/spring-context-5.3.15.jar:/Users/thitipornsukpartcharoen/.m2/repository/org/springframework/security/spring-security-web/5.5.4/spring-security-web-5.5.4.jar:/Users/thitipornsukpartcharoen/.m2/repository/org/springframework/spring-expression/5.3.15/spring-expression-5.3.15.jar:/Users/thitipornsukpartcharoen/.m2/repository/org/springframework/boot/spring-boot-starter-web/2.5.9/spring-boot-starter-web-2.5.9.jar:/Users/thitipornsukpartcharoen/.m2/repository/org/springframework/boot/spring-boot-starter-json/2.5.9/spring-boot-starter-json-2.5.9.jar:/Users/thitipornsukpartcharoen/.m2/repository/com/fasterxml/jackson/datatype/jackson-datatype-jdk8/2.12.6/jackson-datatype-jdk8-2.12.6.jar:/Users/thitipornsukpartcharoen/.m2/repository/com/fasterxml/jackson/datatype/jackson-datatype-jsr310/2.12.6/jackson-datatype-jsr310-2.12.6.jar:/Users/thitipornsukpartcharoen/.m2/repository/com/fasterxml/jackson/module/jackson-module-parameter-names/2.12.6/jackson-module-parameter-names-2.12.6.jar:/Users/thitipornsukpartcharoen/.m2/repository/org/springframework/boot/spring-boot-starter-tomcat/2.5.9/spring-boot-starter-tomcat-2.5.9.jar:/Users/thitipornsukpartcharoen/.m2/repository/org/apache/tomcat/embed/tomcat-embed-core/9.0.56/tomcat-embed-core-9.0.56.jar:/Users/thitipornsukpartcharoen/.m2/repository/org/apache/tomcat/embed/tomcat-embed-el/9.0.56/tomcat-embed-el-9.0.56.jar:/Users/thitipornsukpartcharoen/.m2/repository/org/apache/tomcat/embed/tomcat-embed-websocket/9.0.56/tomcat-embed-websocket-9.0.56.jar:/Users/thitipornsukpartcharoen/.m2/repository/org/springframework/spring-web/5.3.15/spring-web-5.3.15.jar:/Users/thitipornsukpartcharoen/.m2/repository/org/springframework/spring-webmvc/5.3.15/spring-webmvc-5.3.15.jar:/Users/thitipornsukpartcharoen/.m2/repository/org/springframework/boot/spring-boot-starter-test/2.5.9/spring-boot-starter-test-2.5.9.jar:/Users/thitipornsukpartcharoen/.m2/repository/org/springframework/boot/spring-boot-test/2.5.9/spring-boot-test-2.5.9.jar:/Users/thitipornsukpartcharoen/.m2/repository/org/springframework/boot/spring-boot-test-autoconfigure/2.5.9/spring-boot-test-autoconfigure-2.5.9.jar:/Users/thitipornsukpartcharoen/.m2/repository/com/jayway/jsonpath/json-path/2.5.0/json-path-2.5.0.jar:/Users/thitipornsukpartcharoen/.m2/repository/net/minidev/json-smart/2.4.7/json-smart-2.4.7.jar:/Users/thitipornsukpartcharoen/.m2/repository/net/minidev/accessors-smart/2.4.7/accessors-smart-2.4.7.jar:/Users/thitipornsukpartcharoen/.m2/repository/org/ow2/asm/asm/9.1/asm-9.1.jar:/Users/thitipornsukpartcharoen/.m2/repository/org/assertj/assertj-core/3.19.0/assertj-core-3.19.0.jar:/Users/thitipornsukpartcharoen/.m2/repository/org/hamcrest/hamcrest/2.2/hamcrest-2.2.jar:/Users/thitipornsukpartcharoen/.m2/repository/org/junit/jupiter/junit-jupiter/5.7.2/junit-jupiter-5.7.2.jar:/Users/thitipornsukpartcharoen/.m2/repository/org/junit/jupiter/junit-jupiter-api/5.7.2/junit-jupiter-api-5.7.2.jar:/Users/thitipornsukpartcharoen/.m2/repository/org/apiguardian/apiguardian-api/1.1.0/apiguardian-api-1.1.0.jar:/Users/thitipornsukpartcharoen/.m2/repository/org/opentest4j/opentest4j/1.2.0/opentest4j-1.2.0.jar:/Users/thitipornsukpartcharoen/.m2/repository/org/junit/platform/junit-platform-commons/1.7.2/junit-platform-commons-1.7.2.jar:/Users/thitipornsukpartcharoen/.m2/repository/org/junit/jupiter/junit-jupiter-params/5.7.2/junit-jupiter-params-5.7.2.jar:/Users/thitipornsukpartcharoen/.m2/repository/org/junit/jupiter/junit-jupiter-engine/5.7.2/junit-jupiter-engine-5.7.2.jar:/Users/thitipornsukpartcharoen/.m2/repository/org/junit/platform/junit-platform-engine/1.7.2/junit-platform-engine-1.7.2.jar:/Users/thitipornsukpartcharoen/.m2/repository/org/mockito/mockito-core/3.9.0/mockito-core-3.9.0.jar:/Users/thitipornsukpartcharoen/.m2/repository/net/bytebuddy/byte-buddy/1.10.22/byte-buddy-1.10.22.jar:/Users/thitipornsukpartcharoen/.m2/repository/net/bytebuddy/byte-buddy-agent/1.10.22/byte-buddy-agent-1.10.22.jar:/Users/thitipornsukpartcharoen/.m2/repository/org/objenesis/objenesis/3.2/objenesis-3.2.jar:/Users/thitipornsukpartcharoen/.m2/repository/org/mockito/mockito-junit-jupiter/3.9.0/mockito-junit-jupiter-3.9.0.jar:/Users/thitipornsukpartcharoen/.m2/repository/org/skyscreamer/jsonassert/1.5.0/jsonassert-1.5.0.jar:/Users/thitipornsukpartcharoen/.m2/repository/com/vaadin/external/google/android-json/0.0.20131108.vaadin1/android-json-0.0.20131108.vaadin1.jar:/Users/thitipornsukpartcharoen/.m2/repository/org/springframework/spring-core/5.3.15/spring-core-5.3.15.jar:/Users/thitipornsukpartcharoen/.m2/repository/org/springframework/spring-jcl/5.3.15/spring-jcl-5.3.15.jar:/Users/thitipornsukpartcharoen/.m2/repository/org/springframework/spring-test/5.3.15/spring-test-5.3.15.jar:/Users/thitipornsukpartcharoen/.m2/repository/org/xmlunit/xmlunit-core/2.8.4/xmlunit-core-2.8.4.jar:/Users/thitipornsukpartcharoen/.m2/repository/org/springframework/boot/spring-boot-starter-data-jpa/2.5.9/spring-boot-starter-data-jpa-2.5.9.jar:/Users/thitipornsukpartcharoen/.m2/repository/org/springframework/boot/spring-boot-starter-aop/2.5.9/spring-boot-starter-aop-2.5.9.jar:/Users/thitipornsukpartcharoen/.m2/repository/org/aspectj/aspectjweaver/1.9.7/aspectjweaver-1.9.7.jar:/Users/thitipornsukpartcharoen/.m2/repository/org/springframework/boot/spring-boot-starter-jdbc/2.5.9/spring-boot-starter-jdbc-2.5.9.jar:/Users/thitipornsukpartcharoen/.m2/repository/com/zaxxer/HikariCP/4.0.3/HikariCP-4.0.3.jar:/Users/thitipornsukpartcharoen/.m2/repository/org/springframework/spring-jdbc/5.3.15/spring-jdbc-5.3.15.jar:/Users/thitipornsukpartcharoen/.m2/repository/jakarta/transaction/jakarta.transaction-api/1.3.3/jakarta.transaction-api-1.3.3.jar:/Users/thitipornsukpartcharoen/.m2/repository/jakarta/persistence/jakarta.persistence-api/2.2.3/jakarta.persistence-api-2.2.3.jar:/Users/thitipornsukpartcharoen/.m2/repository/org/hibernate/hibernate-core/5.4.33/hibernate-core-5.4.33.jar:/Users/thitipornsukpartcharoen/.m2/repository/org/jboss/logging/jboss-logging/3.4.3.Final/jboss-logging-3.4.3.Final.jar:/Users/thitipornsukpartcharoen/.m2/repository/org/javassist/javassist/3.27.0-GA/javassist-3.27.0-GA.jar:/Users/thitipornsukpartcharoen/.m2/repository/antlr/antlr/2.7.7/antlr-2.7.7.jar:/Users/thitipornsukpartcharoen/.m2/repository/org/jboss/jandex/2.2.3.Final/jandex-2.2.3.Final.jar:/Users/thitipornsukpartcharoen/.m2/repository/com/fasterxml/classmate/1.5.1/classmate-1.5.1.jar:/Users/thitipornsukpartcharoen/.m2/repository/org/dom4j/dom4j/2.1.3/dom4j-2.1.3.jar:/Users/thitipornsukpartcharoen/.m2/repository/org/hibernate/common/hibernate-commons-annotations/5.1.2.Final/hibernate-commons-annotations-5.1.2.Final.jar:/Users/thitipornsukpartcharoen/.m2/repository/org/springframework/data/spring-data-jpa/2.5.8/spring-data-jpa-2.5.8.jar:/Users/thitipornsukpartcharoen/.m2/repository/org/springframework/data/spring-data-commons/2.5.8/spring-data-commons-2.5.8.jar:/Users/thitipornsukpartcharoen/.m2/repository/org/springframework/spring-orm/5.3.15/spring-orm-5.3.15.jar:/Users/thitipornsukpartcharoen/.m2/repository/org/springframework/spring-tx/5.3.15/spring-tx-5.3.15.jar:/Users/thitipornsukpartcharoen/.m2/repository/org/springframework/spring-aspects/5.3.15/spring-aspects-5.3.15.jar:/Users/thitipornsukpartcharoen/.m2/repository/com/h2database/h2/1.4.200/h2-1.4.200.jar:/Users/thitipornsukpartcharoen/.m2/repository/io/jsonwebtoken/jjwt/0.9.0/jjwt-0.9.0.jar:/Users/thitipornsukpartcharoen/.m2/repository/com/fasterxml/jackson/core/jackson-databind/2.12.6/jackson-databind-2.12.6.jar:/Users/thitipornsukpartcharoen/.m2/repository/com/fasterxml/jackson/core/jackson-annotations/2.12.6/jackson-annotations-2.12.6.jar:/Users/thitipornsukpartcharoen/.m2/repository/com/fasterxml/jackson/core/jackson-core/2.12.6/jackson-core-2.12.6.jar:/Users/thitipornsukpartcharoen/.m2/repository/org/json/json/20160810/json-20160810.jar:/Users/thitipornsukpartcharoen/.m2/repository/jakarta/xml/bind/jakarta.xml.bind-api/2.3.2/jakarta.xml.bind-api-2.3.2.jar:/Users/thitipornsukpartcharoen/.m2/repository/jakarta/activation/jakarta.activation-api/1.2.2/jakarta.activation-api-1.2.2.jar:/Users/thitipornsukpartcharoen/.m2/repository/org/glassfish/jaxb/jaxb-runtime/2.3.2/jaxb-runtime-2.3.2.jar:/Users/thitipornsukpartcharoen/.m2/repository/org/glassfish/jaxb/txw2/2.3.5/txw2-2.3.5.jar:/Users/thitipornsukpartcharoen/.m2/repository/com/sun/istack/istack-commons-runtime/3.0.8/istack-commons-runtime-3.0.8.jar:/Users/thitipornsukpartcharoen/.m2/repository/org/jvnet/staxex/stax-ex/1.8.1/stax-ex-1.8.1.jar:/Users/thitipornsukpartcharoen/.m2/repository/com/sun/xml/fastinfoset/FastInfoset/1.2.16/FastInfoset-1.2.16.jar:/Users/thitipornsukpartcharoen/.m2/repository/org/springframework/cloud/spring-cloud-gcp-starter/1.0.0.RELEASE/spring-cloud-gcp-starter-1.0.0.RELEASE.jar:/Users/thitipornsukpartcharoen/.m2/repository/org/springframework/cloud/spring-cloud-gcp-core/1.0.0.RELEASE/spring-cloud-gcp-core-1.0.0.RELEASE.jar:/Users/thitipornsukpartcharoen/.m2/repository/com/google/cloud/google-cloud-core/1.38.0/google-cloud-core-1.38.0.jar:/Users/thitipornsukpartcharoen/.m2/repository/com/google/guava/guava/20.0/guava-20.0.jar:/Users/thitipornsukpartcharoen/.m2/repository/joda-time/joda-time/2.9.2/joda-time-2.9.2.jar:/Users/thitipornsukpartcharoen/.m2/repository/com/google/http-client/google-http-client/1.23.0/google-http-client-1.23.0.jar:/Users/thitipornsukpartcharoen/.m2/repository/org/apache/httpcomponents/httpclient/4.5.13/httpclient-4.5.13.jar:/Users/thitipornsukpartcharoen/.m2/repository/org/apache/httpcomponents/httpcore/4.4.15/httpcore-4.4.15.jar:/Users/thitipornsukpartcharoen/.m2/repository/commons-codec/commons-codec/1.15/commons-codec-1.15.jar:/Users/thitipornsukpartcharoen/.m2/repository/com/google/code/findbugs/jsr305/3.0.2/jsr305-3.0.2.jar:/Users/thitipornsukpartcharoen/.m2/repository/com/google/api/api-common/1.6.0/api-common-1.6.0.jar:/Users/thitipornsukpartcharoen/.m2/repository/com/google/api/gax/1.29.0/gax-1.29.0.jar:/Users/thitipornsukpartcharoen/.m2/repository/org/threeten/threetenbp/1.3.3/threetenbp-1.3.3.jar:/Users/thitipornsukpartcharoen/.m2/repository/com/google/auth/google-auth-library-oauth2-http/0.9.1/google-auth-library-oauth2-http-0.9.1.jar:/Users/thitipornsukpartcharoen/.m2/repository/com/google/auth/google-auth-library-credentials/0.9.1/google-auth-library-credentials-0.9.1.jar:/Users/thitipornsukpartcharoen/.m2/repository/com/google/http-client/google-http-client-jackson2/1.19.0/google-http-client-jackson2-1.19.0.jar:/Users/thitipornsukpartcharoen/.m2/repository/com/google/protobuf/protobuf-java-util/3.6.0/protobuf-java-util-3.6.0.jar:/Users/thitipornsukpartcharoen/.m2/repository/com/google/protobuf/protobuf-java/3.6.0/protobuf-java-3.6.0.jar:/Users/thitipornsukpartcharoen/.m2/repository/com/google/code/gson/gson/2.8.9/gson-2.8.9.jar:/Users/thitipornsukpartcharoen/.m2/repository/com/google/api/grpc/proto-google-common-protos/1.12.0/proto-google-common-protos-1.12.0.jar:/Users/thitipornsukpartcharoen/.m2/repository/com/google/api/grpc/proto-google-iam-v1/0.12.0/proto-google-iam-v1-0.12.0.jar:/Users/thitipornsukpartcharoen/.m2/repository/org/springframework/cloud/spring-cloud-gcp-autoconfigure/1.0.0.RELEASE/spring-cloud-gcp-autoconfigure-1.0.0.RELEASE.jar:/Users/thitipornsukpartcharoen/.m2/repository/org/slf4j/slf4j-api/1.7.33/slf4j-api-1.7.33.jar:"/>
    <property name="java.vm.vendor" value="Eclipse Adoptium"/>
    <property name="sun.arch.data.model" value="64"/>
    <property name="java.vendor.url" value="https://adoptium.net/"/>
    <property name="user.timezone" value=""/>
    <property name="java.vm.specification.version" value="11"/>
    <property name="os.name" value="Mac OS X"/>
    <property name="sun.java.launcher" value="SUN_STANDARD"/>
    <property name="user.country" value="TH"/>
    <property name="sun.boot.library.path" value="/Library/Java/JavaVirtualMachines/temurin-11.jdk/Contents/Home/lib"/>
    <property name="sun.java.command" value="/Users/thitipornsukpartcharoen/webApplicationProject/SCBPartyServer/target/surefire/surefirebooter697888946165229436.jar /Users/thitipornsukpartcharoen/webApplicationProject/SCBPartyServer/target/surefire 2022-02-06T10-41-51_470-jvmRun1 surefire1304638349406156264tmp surefire_016415592071741635347tmp"/>
    <property name="http.nonProxyHosts" value="local|*.local|169.254/16|*.169.254/16"/>
    <property name="jdk.debug" value="release"/>
    <property name="surefire.test.class.path" value="/Users/thitipornsukpartcharoen/webApplicationProject/SCBPartyServer/target/test-classes:/Users/thitipornsukpartcharoen/webApplicationProject/SCBPartyServer/target/classes:/Users/thitipornsukpartcharoen/.m2/repository/org/springframework/boot/spring-boot-starter-security/2.5.9/spring-boot-starter-security-2.5.9.jar:/Users/thitipornsukpartcharoen/.m2/repository/org/springframework/boot/spring-boot-starter/2.5.9/spring-boot-starter-2.5.9.jar:/Users/thitipornsukpartcharoen/.m2/repository/org/springframework/boot/spring-boot/2.5.9/spring-boot-2.5.9.jar:/Users/thitipornsukpartcharoen/.m2/repository/org/springframework/boot/spring-boot-autoconfigure/2.5.9/spring-boot-autoconfigure-2.5.9.jar:/Users/thitipornsukpartcharoen/.m2/repository/org/springframework/boot/spring-boot-starter-logging/2.5.9/spring-boot-starter-logging-2.5.9.jar:/Users/thitipornsukpartcharoen/.m2/repository/ch/qos/logback/logback-classic/1.2.10/logback-classic-1.2.10.jar:/Users/thitipornsukpartcharoen/.m2/repository/ch/qos/logback/logback-core/1.2.10/logback-core-1.2.10.jar:/Users/thitipornsukpartcharoen/.m2/repository/org/apache/logging/log4j/log4j-to-slf4j/2.17.1/log4j-to-slf4j-2.17.1.jar:/Users/thitipornsukpartcharoen/.m2/repository/org/apache/logging/log4j/log4j-api/2.17.1/log4j-api-2.17.1.jar:/Users/thitipornsukpartcharoen/.m2/repository/org/slf4j/jul-to-slf4j/1.7.33/jul-to-slf4j-1.7.33.jar:/Users/thitipornsukpartcharoen/.m2/repository/jakarta/annotation/jakarta.annotation-api/1.3.5/jakarta.annotation-api-1.3.5.jar:/Users/thitipornsukpartcharoen/.m2/repository/org/yaml/snakeyaml/1.28/snakeyaml-1.28.jar:/Users/thitipornsukpartcharoen/.m2/repository/org/springframework/spring-aop/5.3.15/spring-aop-5.3.15.jar:/Users/thitipornsukpartcharoen/.m2/repository/org/springframework/spring-beans/5.3.15/spring-beans-5.3.15.jar:/Users/thitipornsukpartcharoen/.m2/repository/org/springframework/security/spring-security-config/5.5.4/spring-security-config-5.5.4.jar:/Users/thitipornsukpartcharoen/.m2/repository/org/springframework/security/spring-security-core/5.5.4/spring-security-core-5.5.4.jar:/Users/thitipornsukpartcharoen/.m2/repository/org/springframework/security/spring-security-crypto/5.5.4/spring-security-crypto-5.5.4.jar:/Users/thitipornsukpartcharoen/.m2/repository/org/springframework/spring-context/5.3.15/spring-context-5.3.15.jar:/Users/thitipornsukpartcharoen/.m2/repository/org/springframework/security/spring-security-web/5.5.4/spring-security-web-5.5.4.jar:/Users/thitipornsukpartcharoen/.m2/repository/org/springframework/spring-expression/5.3.15/spring-expression-5.3.15.jar:/Users/thitipornsukpartcharoen/.m2/repository/org/springframework/boot/spring-boot-starter-web/2.5.9/spring-boot-starter-web-2.5.9.jar:/Users/thitipornsukpartcharoen/.m2/repository/org/springframework/boot/spring-boot-starter-json/2.5.9/spring-boot-starter-json-2.5.9.jar:/Users/thitipornsukpartcharoen/.m2/repository/com/fasterxml/jackson/datatype/jackson-datatype-jdk8/2.12.6/jackson-datatype-jdk8-2.12.6.jar:/Users/thitipornsukpartcharoen/.m2/repository/com/fasterxml/jackson/datatype/jackson-datatype-jsr310/2.12.6/jackson-datatype-jsr310-2.12.6.jar:/Users/thitipornsukpartcharoen/.m2/repository/com/fasterxml/jackson/module/jackson-module-parameter-names/2.12.6/jackson-module-parameter-names-2.12.6.jar:/Users/thitipornsukpartcharoen/.m2/repository/org/springframework/boot/spring-boot-starter-tomcat/2.5.9/spring-boot-starter-tomcat-2.5.9.jar:/Users/thitipornsukpartcharoen/.m2/repository/org/apache/tomcat/embed/tomcat-embed-core/9.0.56/tomcat-embed-core-9.0.56.jar:/Users/thitipornsukpartcharoen/.m2/repository/org/apache/tomcat/embed/tomcat-embed-el/9.0.56/tomcat-embed-el-9.0.56.jar:/Users/thitipornsukpartcharoen/.m2/repository/org/apache/tomcat/embed/tomcat-embed-websocket/9.0.56/tomcat-embed-websocket-9.0.56.jar:/Users/thitipornsukpartcharoen/.m2/repository/org/springframework/spring-web/5.3.15/spring-web-5.3.15.jar:/Users/thitipornsukpartcharoen/.m2/repository/org/springframework/spring-webmvc/5.3.15/spring-webmvc-5.3.15.jar:/Users/thitipornsukpartcharoen/.m2/repository/org/springframework/boot/spring-boot-starter-test/2.5.9/spring-boot-starter-test-2.5.9.jar:/Users/thitipornsukpartcharoen/.m2/repository/org/springframework/boot/spring-boot-test/2.5.9/spring-boot-test-2.5.9.jar:/Users/thitipornsukpartcharoen/.m2/repository/org/springframework/boot/spring-boot-test-autoconfigure/2.5.9/spring-boot-test-autoconfigure-2.5.9.jar:/Users/thitipornsukpartcharoen/.m2/repository/com/jayway/jsonpath/json-path/2.5.0/json-path-2.5.0.jar:/Users/thitipornsukpartcharoen/.m2/repository/net/minidev/json-smart/2.4.7/json-smart-2.4.7.jar:/Users/thitipornsukpartcharoen/.m2/repository/net/minidev/accessors-smart/2.4.7/accessors-smart-2.4.7.jar:/Users/thitipornsukpartcharoen/.m2/repository/org/ow2/asm/asm/9.1/asm-9.1.jar:/Users/thitipornsukpartcharoen/.m2/repository/org/assertj/assertj-core/3.19.0/assertj-core-3.19.0.jar:/Users/thitipornsukpartcharoen/.m2/repository/org/hamcrest/hamcrest/2.2/hamcrest-2.2.jar:/Users/thitipornsukpartcharoen/.m2/repository/org/junit/jupiter/junit-jupiter/5.7.2/junit-jupiter-5.7.2.jar:/Users/thitipornsukpartcharoen/.m2/repository/org/junit/jupiter/junit-jupiter-api/5.7.2/junit-jupiter-api-5.7.2.jar:/Users/thitipornsukpartcharoen/.m2/repository/org/apiguardian/apiguardian-api/1.1.0/apiguardian-api-1.1.0.jar:/Users/thitipornsukpartcharoen/.m2/repository/org/opentest4j/opentest4j/1.2.0/opentest4j-1.2.0.jar:/Users/thitipornsukpartcharoen/.m2/repository/org/junit/platform/junit-platform-commons/1.7.2/junit-platform-commons-1.7.2.jar:/Users/thitipornsukpartcharoen/.m2/repository/org/junit/jupiter/junit-jupiter-params/5.7.2/junit-jupiter-params-5.7.2.jar:/Users/thitipornsukpartcharoen/.m2/repository/org/junit/jupiter/junit-jupiter-engine/5.7.2/junit-jupiter-engine-5.7.2.jar:/Users/thitipornsukpartcharoen/.m2/repository/org/junit/platform/junit-platform-engine/1.7.2/junit-platform-engine-1.7.2.jar:/Users/thitipornsukpartcharoen/.m2/repository/org/mockito/mockito-core/3.9.0/mockito-core-3.9.0.jar:/Users/thitipornsukpartcharoen/.m2/repository/net/bytebuddy/byte-buddy/1.10.22/byte-buddy-1.10.22.jar:/Users/thitipornsukpartcharoen/.m2/repository/net/bytebuddy/byte-buddy-agent/1.10.22/byte-buddy-agent-1.10.22.jar:/Users/thitipornsukpartcharoen/.m2/repository/org/objenesis/objenesis/3.2/objenesis-3.2.jar:/Users/thitipornsukpartcharoen/.m2/repository/org/mockito/mockito-junit-jupiter/3.9.0/mockito-junit-jupiter-3.9.0.jar:/Users/thitipornsukpartcharoen/.m2/repository/org/skyscreamer/jsonassert/1.5.0/jsonassert-1.5.0.jar:/Users/thitipornsukpartcharoen/.m2/repository/com/vaadin/external/google/android-json/0.0.20131108.vaadin1/android-json-0.0.20131108.vaadin1.jar:/Users/thitipornsukpartcharoen/.m2/repository/org/springframework/spring-core/5.3.15/spring-core-5.3.15.jar:/Users/thitipornsukpartcharoen/.m2/repository/org/springframework/spring-jcl/5.3.15/spring-jcl-5.3.15.jar:/Users/thitipornsukpartcharoen/.m2/repository/org/springframework/spring-test/5.3.15/spring-test-5.3.15.jar:/Users/thitipornsukpartcharoen/.m2/repository/org/xmlunit/xmlunit-core/2.8.4/xmlunit-core-2.8.4.jar:/Users/thitipornsukpartcharoen/.m2/repository/org/springframework/boot/spring-boot-starter-data-jpa/2.5.9/spring-boot-starter-data-jpa-2.5.9.jar:/Users/thitipornsukpartcharoen/.m2/repository/org/springframework/boot/spring-boot-starter-aop/2.5.9/spring-boot-starter-aop-2.5.9.jar:/Users/thitipornsukpartcharoen/.m2/repository/org/aspectj/aspectjweaver/1.9.7/aspectjweaver-1.9.7.jar:/Users/thitipornsukpartcharoen/.m2/repository/org/springframework/boot/spring-boot-starter-jdbc/2.5.9/spring-boot-starter-jdbc-2.5.9.jar:/Users/thitipornsukpartcharoen/.m2/repository/com/zaxxer/HikariCP/4.0.3/HikariCP-4.0.3.jar:/Users/thitipornsukpartcharoen/.m2/repository/org/springframework/spring-jdbc/5.3.15/spring-jdbc-5.3.15.jar:/Users/thitipornsukpartcharoen/.m2/repository/jakarta/transaction/jakarta.transaction-api/1.3.3/jakarta.transaction-api-1.3.3.jar:/Users/thitipornsukpartcharoen/.m2/repository/jakarta/persistence/jakarta.persistence-api/2.2.3/jakarta.persistence-api-2.2.3.jar:/Users/thitipornsukpartcharoen/.m2/repository/org/hibernate/hibernate-core/5.4.33/hibernate-core-5.4.33.jar:/Users/thitipornsukpartcharoen/.m2/repository/org/jboss/logging/jboss-logging/3.4.3.Final/jboss-logging-3.4.3.Final.jar:/Users/thitipornsukpartcharoen/.m2/repository/org/javassist/javassist/3.27.0-GA/javassist-3.27.0-GA.jar:/Users/thitipornsukpartcharoen/.m2/repository/antlr/antlr/2.7.7/antlr-2.7.7.jar:/Users/thitipornsukpartcharoen/.m2/repository/org/jboss/jandex/2.2.3.Final/jandex-2.2.3.Final.jar:/Users/thitipornsukpartcharoen/.m2/repository/com/fasterxml/classmate/1.5.1/classmate-1.5.1.jar:/Users/thitipornsukpartcharoen/.m2/repository/org/dom4j/dom4j/2.1.3/dom4j-2.1.3.jar:/Users/thitipornsukpartcharoen/.m2/repository/org/hibernate/common/hibernate-commons-annotations/5.1.2.Final/hibernate-commons-annotations-5.1.2.Final.jar:/Users/thitipornsukpartcharoen/.m2/repository/org/springframework/data/spring-data-jpa/2.5.8/spring-data-jpa-2.5.8.jar:/Users/thitipornsukpartcharoen/.m2/repository/org/springframework/data/spring-data-commons/2.5.8/spring-data-commons-2.5.8.jar:/Users/thitipornsukpartcharoen/.m2/repository/org/springframework/spring-orm/5.3.15/spring-orm-5.3.15.jar:/Users/thitipornsukpartcharoen/.m2/repository/org/springframework/spring-tx/5.3.15/spring-tx-5.3.15.jar:/Users/thitipornsukpartcharoen/.m2/repository/org/springframework/spring-aspects/5.3.15/spring-aspects-5.3.15.jar:/Users/thitipornsukpartcharoen/.m2/repository/com/h2database/h2/1.4.200/h2-1.4.200.jar:/Users/thitipornsukpartcharoen/.m2/repository/io/jsonwebtoken/jjwt/0.9.0/jjwt-0.9.0.jar:/Users/thitipornsukpartcharoen/.m2/repository/com/fasterxml/jackson/core/jackson-databind/2.12.6/jackson-databind-2.12.6.jar:/Users/thitipornsukpartcharoen/.m2/repository/com/fasterxml/jackson/core/jackson-annotations/2.12.6/jackson-annotations-2.12.6.jar:/Users/thitipornsukpartcharoen/.m2/repository/com/fasterxml/jackson/core/jackson-core/2.12.6/jackson-core-2.12.6.jar:/Users/thitipornsukpartcharoen/.m2/repository/org/json/json/20160810/json-20160810.jar:/Users/thitipornsukpartcharoen/.m2/repository/jakarta/xml/bind/jakarta.xml.bind-api/2.3.2/jakarta.xml.bind-api-2.3.2.jar:/Users/thitipornsukpartcharoen/.m2/repository/jakarta/activation/jakarta.activation-api/1.2.2/jakarta.activation-api-1.2.2.jar:/Users/thitipornsukpartcharoen/.m2/repository/org/glassfish/jaxb/jaxb-runtime/2.3.2/jaxb-runtime-2.3.2.jar:/Users/thitipornsukpartcharoen/.m2/repository/org/glassfish/jaxb/txw2/2.3.5/txw2-2.3.5.jar:/Users/thitipornsukpartcharoen/.m2/repository/com/sun/istack/istack-commons-runtime/3.0.8/istack-commons-runtime-3.0.8.jar:/Users/thitipornsukpartcharoen/.m2/repository/org/jvnet/staxex/stax-ex/1.8.1/stax-ex-1.8.1.jar:/Users/thitipornsukpartcharoen/.m2/repository/com/sun/xml/fastinfoset/FastInfoset/1.2.16/FastInfoset-1.2.16.jar:/Users/thitipornsukpartcharoen/.m2/repository/org/springframework/cloud/spring-cloud-gcp-starter/1.0.0.RELEASE/spring-cloud-gcp-starter-1.0.0.RELEASE.jar:/Users/thitipornsukpartcharoen/.m2/repository/org/springframework/cloud/spring-cloud-gcp-core/1.0.0.RELEASE/spring-cloud-gcp-core-1.0.0.RELEASE.jar:/Users/thitipornsukpartcharoen/.m2/repository/com/google/cloud/google-cloud-core/1.38.0/google-cloud-core-1.38.0.jar:/Users/thitipornsukpartcharoen/.m2/repository/com/google/guava/guava/20.0/guava-20.0.jar:/Users/thitipornsukpartcharoen/.m2/repository/joda-time/joda-time/2.9.2/joda-time-2.9.2.jar:/Users/thitipornsukpartcharoen/.m2/repository/com/google/http-client/google-http-client/1.23.0/google-http-client-1.23.0.jar:/Users/thitipornsukpartcharoen/.m2/repository/org/apache/httpcomponents/httpclient/4.5.13/httpclient-4.5.13.jar:/Users/thitipornsukpartcharoen/.m2/repository/org/apache/httpcomponents/httpcore/4.4.15/httpcore-4.4.15.jar:/Users/thitipornsukpartcharoen/.m2/repository/commons-codec/commons-codec/1.15/commons-codec-1.15.jar:/Users/thitipornsukpartcharoen/.m2/repository/com/google/code/findbugs/jsr305/3.0.2/jsr305-3.0.2.jar:/Users/thitipornsukpartcharoen/.m2/repository/com/google/api/api-common/1.6.0/api-common-1.6.0.jar:/Users/thitipornsukpartcharoen/.m2/repository/com/google/api/gax/1.29.0/gax-1.29.0.jar:/Users/thitipornsukpartcharoen/.m2/repository/org/threeten/threetenbp/1.3.3/threetenbp-1.3.3.jar:/Users/thitipornsukpartcharoen/.m2/repository/com/google/auth/google-auth-library-oauth2-http/0.9.1/google-auth-library-oauth2-http-0.9.1.jar:/Users/thitipornsukpartcharoen/.m2/repository/com/google/auth/google-auth-library-credentials/0.9.1/google-auth-library-credentials-0.9.1.jar:/Users/thitipornsukpartcharoen/.m2/repository/com/google/http-client/google-http-client-jackson2/1.19.0/google-http-client-jackson2-1.19.0.jar:/Users/thitipornsukpartcharoen/.m2/repository/com/google/protobuf/protobuf-java-util/3.6.0/protobuf-java-util-3.6.0.jar:/Users/thitipornsukpartcharoen/.m2/repository/com/google/protobuf/protobuf-java/3.6.0/protobuf-java-3.6.0.jar:/Users/thitipornsukpartcharoen/.m2/repository/com/google/code/gson/gson/2.8.9/gson-2.8.9.jar:/Users/thitipornsukpartcharoen/.m2/repository/com/google/api/grpc/proto-google-common-protos/1.12.0/proto-google-common-protos-1.12.0.jar:/Users/thitipornsukpartcharoen/.m2/repository/com/google/api/grpc/proto-google-iam-v1/0.12.0/proto-google-iam-v1-0.12.0.jar:/Users/thitipornsukpartcharoen/.m2/repository/org/springframework/cloud/spring-cloud-gcp-autoconfigure/1.0.0.RELEASE/spring-cloud-gcp-autoconfigure-1.0.0.RELEASE.jar:/Users/thitipornsukpartcharoen/.m2/repository/org/slf4j/slf4j-api/1.7.33/slf4j-api-1.7.33.jar:"/>
    <property name="sun.cpu.endian" value="little"/>
    <property name="user.home" value="/Users/thitipornsukpartcharoen"/>
    <property name="user.language" value="en"/>
    <property name="java.specification.vendor" value="Oracle Corporation"/>
    <property name="java.version.date" value="2022-01-18"/>
    <property name="java.home" value="/Library/Java/JavaVirtualMachines/temurin-11.jdk/Contents/Home"/>
    <property name="file.separator" value="/"/>
    <property name="basedir" value="/Users/thitipornsukpartcharoen/webApplicationProject/SCBPartyServer"/>
    <property name="java.vm.compressedOopsMode" value="Zero based"/>
    <property name="line.separator" value="&#10;"/>
    <property name="java.specification.name" value="Java Platform API Specification"/>
    <property name="java.vm.specification.vendor" value="Oracle Corporation"/>
    <property name="java.awt.graphicsenv" value="sun.awt.CGraphicsEnvironment"/>
    <property name="surefire.real.class.path" value="/Users/thitipornsukpartcharoen/webApplicationProject/SCBPartyServer/target/surefire/surefirebooter697888946165229436.jar"/>
    <property name="sun.management.compiler" value="HotSpot 64-Bit Tiered Compilers"/>
    <property name="ftp.nonProxyHosts" value="local|*.local|169.254/16|*.169.254/16"/>
    <property name="java.runtime.version" value="11.0.14+9"/>
    <property name="user.name" value="thitipornsukpartcharoen"/>
    <property name="path.separator" value=":"/>
    <property name="os.version" value="12.1"/>
    <property name="java.runtime.name" value="OpenJDK Runtime Environment"/>
    <property name="file.encoding" value="UTF-8"/>
    <property name="java.vm.name" value="OpenJDK 64-Bit Server VM"/>
    <property name="java.vendor.version" value="Temurin-11.0.14+9"/>
    <property name="localRepository" value="/Users/thitipornsukpartcharoen/.m2/repository"/>
    <property name="java.vendor.url.bug" value="https://github.com/adoptium/adoptium-support/issues"/>
    <property name="java.io.tmpdir" value="/var/folders/7w/46v4gbn15cg9vq2n0dzl2zw80000gn/T/"/>
    <property name="java.version" value="11.0.14"/>
    <property name="user.dir" value="/Users/thitipornsukpartcharoen/webApplicationProject/SCBPartyServer"/>
    <property name="os.arch" value="x86_64"/>
    <property name="java.vm.specification.name" value="Java Virtual Machine Specification"/>
    <property name="java.awt.printerjob" value="sun.lwawt.macosx.CPrinterJob"/>
    <property name="sun.os.patch.level" value="unknown"/>
    <property name="java.library.path" value="/Users/thitipornsukpartcharoen/Library/Java/Extensions:/Library/Java/Extensions:/Network/Library/Java/Extensions:/System/Library/Java/Extensions:/usr/lib/java:."/>
    <property name="java.vm.info" value="mixed mode"/>
    <property name="java.vendor" value="Eclipse Adoptium"/>
    <property name="java.vm.version" value="11.0.14+9"/>
    <property name="sun.io.unicode.encoding" value="UnicodeBig"/>
    <property name="java.class.version" value="55.0"/>
    <property name="socksNonProxyHosts" value="local|*.local|169.254/16|*.169.254/16"/>
  </properties>
  <testcase name="contextLoads" classname="com.example.SCBpartyServer.ScBpartyServerApplicationTests" time="0.111"/>
</testsuite>